This is pdfTeX, Version 3.14159265-2.6-1.40.17 (MiKTeX 2.9.6210 64-bit) (preloaded format=pdflatex 2017.1.26)  30 JAN 2017 23:45
entering extended mode
**./Ausarbeitung.tex
(Ausarbeitung.tex
LaTeX2e <2016/03/31> patch level 3
Babel <3.9r> and hyphenation patterns for 75 language(s) loaded.
(C:\Users\flosp\Desktop\Programme\Latex\tex\latex\koma-script\scrartcl.cls
Document Class: scrartcl 2016/06/14 v3.21 KOMA-Script document class (article)
(C:\Users\flosp\Desktop\Programme\Latex\tex\latex\koma-script\scrkbase.sty
Package: scrkbase 2016/06/14 v3.21 KOMA-Script package (KOMA-Script-dependent b
asics and keyval usage)

(C:\Users\flosp\Desktop\Programme\Latex\tex\latex\koma-script\scrbase.sty
Package: scrbase 2016/06/14 v3.21 KOMA-Script package (KOMA-Script-independent 
basics and keyval usage)

(C:\Users\flosp\Desktop\Programme\Latex\tex\latex\graphics\keyval.sty
Package: keyval 2014/10/28 v1.15 key=value parser (DPC)
\KV@toks@=\toks14
)
(C:\Users\flosp\Desktop\Programme\Latex\tex\latex\koma-script\scrlfile.sty
Package: scrlfile 2016/06/14 v3.21 KOMA-Script package (loading files)

Package scrlfile, 2016/06/14 v3.21 KOMA-Script package (loading files)
                  Copyright (C) Markus Kohm

))) (C:\Users\flosp\Desktop\Programme\Latex\tex\latex\koma-script\tocbasic.sty
Package: tocbasic 2016/06/14 v3.21 KOMA-Script package (handling toc-files)
\scr@dte@tocline@numberwidth=\skip41
\scr@dte@tocline@numbox=\box26
)
Package tocbasic Info: omitting babel extension for `toc'
(tocbasic)             because of feature `nobabel' available
(tocbasic)             for `toc' on input line 130.
Package tocbasic Info: omitting babel extension for `lof'
(tocbasic)             because of feature `nobabel' available
(tocbasic)             for `lof' on input line 131.
Package tocbasic Info: omitting babel extension for `lot'
(tocbasic)             because of feature `nobabel' available
(tocbasic)             for `lot' on input line 132.
Package scrartcl Info: You've used standard option `11pt'.
(scrartcl)             This is correct!
(scrartcl)             Internally I'm using `fontsize=11pt'.
(scrartcl)             If you'd like to set the option with \KOMAoptions,
(scrartcl)             you'd have to use `fontsize=11pt' there
(scrartcl)             instead of `11pt', too.
Class scrartcl Info: File `scrsize11pt.clo' used to setup font sizes on input l
ine 2052.
(C:\Users\flosp\Desktop\Programme\Latex\tex\latex\koma-script\scrsize11pt.clo
File: scrsize11pt.clo 2016/06/14 v3.21 KOMA-Script font size class option (11pt
)
)
(C:\Users\flosp\Desktop\Programme\Latex\tex\latex\koma-script\typearea.sty
Package: typearea 2016/06/14 v3.21 KOMA-Script package (type area)

Package typearea, 2016/06/14 v3.21 KOMA-Script package (type area)
                  Copyright (C) Frank Neukam, 1992-1994
                  Copyright (C) Markus Kohm, 1994-

\ta@bcor=\skip42
\ta@div=\count79
\ta@hblk=\skip43
\ta@vblk=\skip44
\ta@temp=\skip45
\footheight=\skip46
Package typearea Info: These are the values describing the layout:
(typearea)             DIV  = 10
(typearea)             BCOR = 0.0pt
(typearea)             \paperwidth      = 597.50793pt
(typearea)              \textwidth      = 418.25555pt
(typearea)              DIV departure   = -6%
(typearea)              \evensidemargin = 17.3562pt
(typearea)              \oddsidemargin  = 17.3562pt
(typearea)             \paperheight     = 845.04694pt
(typearea)              \textheight     = 595.80026pt
(typearea)              \topmargin      = -25.16531pt
(typearea)              \headheight     = 17.0pt
(typearea)              \headsep        = 20.40001pt
(typearea)              \topskip        = 11.0pt
(typearea)              \footskip       = 47.6pt
(typearea)              \baselineskip   = 13.6pt
(typearea)              on input line 1529.
)
\c@part=\count80
\c@section=\count81
\c@subsection=\count82
\c@subsubsection=\count83
\c@paragraph=\count84
\c@subparagraph=\count85
\scr@dte@part@maxnumwidth=\skip47
\scr@dte@section@maxnumwidth=\skip48
\scr@dte@subsection@maxnumwidth=\skip49
\scr@dte@subsubsection@maxnumwidth=\skip50
\scr@dte@paragraph@maxnumwidth=\skip51
\scr@dte@subparagraph@maxnumwidth=\skip52
LaTeX Info: Redefining \textsubscript on input line 4036.
\abovecaptionskip=\skip53
\belowcaptionskip=\skip54
\c@pti@nb@sid@b@x=\box27
\c@figure=\count86
\c@table=\count87
Class scrartcl Info: Redefining `\numberline' on input line 5049.
\bibindent=\dimen102
) (asp_standard_lib.tex
(C:\Users\flosp\Desktop\Programme\Latex\tex\latex\base\inputenc.sty
Package: inputenc 2015/03/17 v1.2c Input encoding file
\inpenc@prehook=\toks15
\inpenc@posthook=\toks16

(C:\Users\flosp\Desktop\Programme\Latex\tex\latex\ucs\utf8x.def
File: utf8x.def 2004/10/17 UCS: Input encoding UTF-8
))
(C:\Users\flosp\Desktop\Programme\Latex\tex\latex\ucs\ucs.sty
Package: ucs 2013/05/11 v2.2 UCS: Unicode input support

(C:\Users\flosp\Desktop\Programme\Latex\tex\latex\ucs\uni-global.def
File: uni-global.def 2013/05/13 UCS: Unicode global data
)
\uc@secondtry=\count88
\uc@combtoks=\toks17
\uc@combtoksb=\toks18
\uc@temptokena=\toks19
)
(C:\Users\flosp\Desktop\Programme\Latex\tex\generic\babel\babel.sty
Package: babel 2016/04/23 3.9r The Babel package

*************************************
* Local config file bblopts.cfg used
*
(C:\Users\flosp\Desktop\Programme\Latex\tex\latex\arabi\bblopts.cfg
File: bblopts.cfg 2005/09/08 v0.1 add Arabic and Farsi to "declared" options of
 babel
)
(C:\Users\flosp\Desktop\Programme\Latex\tex\latex\babel-german\ngerman.ldf
Language: ngerman 2016/11/02 v2.9 German support for babel (new orthography)

(C:\Users\flosp\Desktop\Programme\Latex\tex\latex\babel-german\ngermanb.ldf
Language: ngermanb 2016/11/02 v2.9 German support for babel (new orthography)

(C:\Users\flosp\Desktop\Programme\Latex\tex\generic\babel\babel.def
File: babel.def 2016/04/23 3.9r Babel common definitions
\babel@savecnt=\count89
\U@D=\dimen103
)
Package babel Info: Making " an active character on input line 125.
)))
(C:\Users\flosp\Desktop\Programme\Latex\tex\latex\base\fontenc.sty
Package: fontenc 2016/06/19 v1.99m Standard LaTeX package

(C:\Users\flosp\Desktop\Programme\Latex\tex\latex\base\t1enc.def
File: t1enc.def 2016/06/19 v1.99m Standard LaTeX file
LaTeX Font Info:    Redeclaring font encoding T1 on input line 48.
))
(C:\Users\flosp\Desktop\Programme\Latex\tex\latex\amsmath\amsmath.sty
Package: amsmath 2016/06/28 v2.15d AMS math features
\@mathmargin=\skip55

For additional information on amsmath, use the `?' option.
(C:\Users\flosp\Desktop\Programme\Latex\tex\latex\amsmath\amstext.sty
Package: amstext 2000/06/29 v2.01 AMS text

(C:\Users\flosp\Desktop\Programme\Latex\tex\latex\amsmath\amsgen.sty
File: amsgen.sty 1999/11/30 v2.0 generic functions
\@emptytoks=\toks20
\ex@=\dimen104
))
(C:\Users\flosp\Desktop\Programme\Latex\tex\latex\amsmath\amsbsy.sty
Package: amsbsy 1999/11/29 v1.2d Bold Symbols
\pmbraise@=\dimen105
)
(C:\Users\flosp\Desktop\Programme\Latex\tex\latex\amsmath\amsopn.sty
Package: amsopn 2016/03/08 v2.02 operator names
)
\inf@bad=\count90
LaTeX Info: Redefining \frac on input line 199.
\uproot@=\count91
\leftroot@=\count92
LaTeX Info: Redefining \overline on input line 297.
\classnum@=\count93
\DOTSCASE@=\count94
LaTeX Info: Redefining \ldots on input line 394.
LaTeX Info: Redefining \dots on input line 397.
LaTeX Info: Redefining \cdots on input line 518.
\Mathstrutbox@=\box28
\strutbox@=\box29
\big@size=\dimen106
LaTeX Font Info:    Redeclaring font encoding OML on input line 634.
LaTeX Font Info:    Redeclaring font encoding OMS on input line 635.
\macc@depth=\count95
\c@MaxMatrixCols=\count96
\dotsspace@=\muskip10
\c@parentequation=\count97
\dspbrk@lvl=\count98
\tag@help=\toks21
\row@=\count99
\column@=\count100
\maxfields@=\count101
\andhelp@=\toks22
\eqnshift@=\dimen107
\alignsep@=\dimen108
\tagshift@=\dimen109
\tagwidth@=\dimen110
\totwidth@=\dimen111
\lineht@=\dimen112
\@envbody=\toks23
\multlinegap=\skip56
\multlinetaggap=\skip57
\mathdisplay@stack=\toks24
LaTeX Info: Redefining \[ on input line 2739.
LaTeX Info: Redefining \] on input line 2740.
)
(C:\Users\flosp\Desktop\Programme\Latex\tex\latex\csquotes\csquotes.sty
Package: csquotes 2016/12/28 v5.2 context-sensitive quotations (JAW)

(C:\Users\flosp\Desktop\Programme\Latex\tex\latex\etoolbox\etoolbox.sty
Package: etoolbox 2017/01/02 v2.4 e-TeX tools for LaTeX (JAW)
\etb@tempcnta=\count102
)
\csq@reset=\count103
\csq@gtype=\count104
\csq@glevel=\count105
\csq@qlevel=\count106
\csq@maxlvl=\count107
\csq@tshold=\count108
\csq@ltx@everypar=\toks25

(C:\Users\flosp\Desktop\Programme\Latex\tex\latex\csquotes\csquotes.def
File: csquotes.def 2016/12/28 v5.2 csquotes generic definitions (JAW)
)
Package csquotes Info: Trying to load configuration file 'csquotes.cfg'...
Package csquotes Info: ... configuration file loaded successfully.

(C:\Users\flosp\Desktop\Programme\Latex\tex\latex\csquotes\csquotes.cfg
File: csquotes.cfg 
)
Package csquotes Info: Option 'babel' depreciated.
(csquotes)             Using 'autostyle'.
Package csquotes Info: Enabling multilingual quotes.
Package csquotes Info: Redefining alias 'german' -> 'german/quotes'.
)
(C:\Users\flosp\Desktop\Programme\Latex\tex\latex\graphics\graphicx.sty
Package: graphicx 2014/10/28 v1.0g Enhanced LaTeX Graphics (DPC,SPQR)

(C:\Users\flosp\Desktop\Programme\Latex\tex\latex\graphics\graphics.sty
Package: graphics 2016/07/10 v1.0t Standard LaTeX Graphics (DPC,SPQR)

(C:\Users\flosp\Desktop\Programme\Latex\tex\latex\graphics\trig.sty
Package: trig 2016/01/03 v1.10 sin cos tan (DPC)
)
(C:\Users\flosp\Desktop\Programme\Latex\tex\latex\graphics-cfg\graphics.cfg
File: graphics.cfg 2016/06/04 v1.11 sample graphics configuration
)
Package graphics Info: Driver file: pdftex.def on input line 99.

(C:\Users\flosp\Desktop\Programme\Latex\tex\latex\graphics-def\pdftex.def
File: pdftex.def 2016/07/10 v0.06j Graphics/color for pdfTeX

(C:\Users\flosp\Desktop\Programme\Latex\tex\generic\oberdiek\infwarerr.sty
Package: infwarerr 2016/05/16 v1.4 Providing info/warning/error messages (HO)
)
(C:\Users\flosp\Desktop\Programme\Latex\tex\generic\oberdiek\ltxcmds.sty
Package: ltxcmds 2016/05/16 v1.23 LaTeX kernel commands for general use (HO)
)
\Gread@gobject=\count109
))
\Gin@req@height=\dimen113
\Gin@req@width=\dimen114
)
(C:\Users\flosp\Desktop\Programme\Latex\tex\latex\graphics\color.sty
Package: color 2016/07/10 v1.1e Standard LaTeX Color (DPC)

(C:\Users\flosp\Desktop\Programme\Latex\tex\latex\graphics-cfg\color.cfg
File: color.cfg 2016/01/02 v1.6 sample color configuration
)
Package color Info: Driver file: pdftex.def on input line 147.
)
(C:\Users\flosp\Desktop\Programme\Latex\tex\latex\listings\listings.sty
\lst@mode=\count110
\lst@gtempboxa=\box30
\lst@token=\toks26
\lst@length=\count111
\lst@currlwidth=\dimen115
\lst@column=\count112
\lst@pos=\count113
\lst@lostspace=\dimen116
\lst@width=\dimen117
\lst@newlines=\count114
\lst@lineno=\count115
\lst@maxwidth=\dimen118

(C:\Users\flosp\Desktop\Programme\Latex\tex\latex\listings\lstmisc.sty
File: lstmisc.sty 2015/06/04 1.6 (Carsten Heinz)
\c@lstnumber=\count116
\lst@skipnumbers=\count117
\lst@framebox=\box31
)
(C:\Users\flosp\Desktop\Programme\Latex\tex\latex\listings\listings.cfg
File: listings.cfg 2015/06/04 1.6 listings configuration
))
Package: listings 2015/06/04 1.6 (Carsten Heinz)

(C:\Users\flosp\Desktop\Programme\Latex\tex\latex\microtype\microtype.sty
Package: microtype 2016/05/14 v2.6a Micro-typographical refinements (RS)
\MT@toks=\toks27
\MT@count=\count118
LaTeX Info: Redefining \textls on input line 774.
\MT@outer@kern=\dimen119
LaTeX Info: Redefining \textmicrotypecontext on input line 1310.
\MT@listname@count=\count119

(C:\Users\flosp\Desktop\Programme\Latex\tex\latex\microtype\microtype-pdftex.de
f
File: microtype-pdftex.def 2016/05/14 v2.6a Definitions specific to pdftex (RS)

LaTeX Info: Redefining \lsstyle on input line 916.
LaTeX Info: Redefining \lslig on input line 916.
\MT@outer@space=\skip58
)
Package microtype Info: Loading configuration file microtype.cfg.
 (C:\Users\flosp\Desktop\Programme\Latex\tex\latex\microtype\microtype.cfg
File: microtype.cfg 2016/05/14 v2.6a microtype main configuration file (RS)
))
(C:\Users\flosp\Desktop\Programme\Latex\tex\latex\pgf\frontendlayer\tikz.sty
(C:\Users\flosp\Desktop\Programme\Latex\tex\latex\pgf\basiclayer\pgf.sty
(C:\Users\flosp\Desktop\Programme\Latex\tex\latex\pgf\utilities\pgfrcs.sty
(C:\Users\flosp\Desktop\Programme\Latex\tex\generic\pgf\utilities\pgfutil-commo
n.tex
\pgfutil@everybye=\toks28
\pgfutil@tempdima=\dimen120
\pgfutil@tempdimb=\dimen121

(C:\Users\flosp\Desktop\Programme\Latex\tex\generic\pgf\utilities\pgfutil-commo
n-lists.tex))
(C:\Users\flosp\Desktop\Programme\Latex\tex\generic\pgf\utilities\pgfutil-latex
.def
\pgfutil@abb=\box32
 (C:\Users\flosp\Desktop\Programme\Latex\tex\latex\ms\everyshi.sty
Package: everyshi 2001/05/15 v3.00 EveryShipout Package (MS)
))
(C:\Users\flosp\Desktop\Programme\Latex\tex\generic\pgf\utilities\pgfrcs.code.t
ex
Package: pgfrcs 2015/08/07 v3.0.1a (rcs-revision 1.31)
))
Package: pgf 2015/08/07 v3.0.1a (rcs-revision 1.15)

(C:\Users\flosp\Desktop\Programme\Latex\tex\latex\pgf\basiclayer\pgfcore.sty
(C:\Users\flosp\Desktop\Programme\Latex\tex\latex\pgf\systemlayer\pgfsys.sty
(C:\Users\flosp\Desktop\Programme\Latex\tex\generic\pgf\systemlayer\pgfsys.code
.tex
Package: pgfsys 2014/07/09 v3.0.1a (rcs-revision 1.48)

(C:\Users\flosp\Desktop\Programme\Latex\tex\generic\pgf\utilities\pgfkeys.code.
tex
\pgfkeys@pathtoks=\toks29
\pgfkeys@temptoks=\toks30

(C:\Users\flosp\Desktop\Programme\Latex\tex\generic\pgf\utilities\pgfkeysfilter
ed.code.tex
\pgfkeys@tmptoks=\toks31
))
\pgf@x=\dimen122
\pgf@y=\dimen123
\pgf@xa=\dimen124
\pgf@ya=\dimen125
\pgf@xb=\dimen126
\pgf@yb=\dimen127
\pgf@xc=\dimen128
\pgf@yc=\dimen129
\w@pgf@writea=\write3
\r@pgf@reada=\read1
\c@pgf@counta=\count120
\c@pgf@countb=\count121
\c@pgf@countc=\count122
\c@pgf@countd=\count123
\t@pgf@toka=\toks32
\t@pgf@tokb=\toks33
\t@pgf@tokc=\toks34

(C:\Users\flosp\Desktop\Programme\Latex\tex\generic\pgf\systemlayer\pgf.cfg
File: pgf.cfg 2008/05/14  (rcs-revision 1.7)
)
Driver file for pgf: pgfsys-pdftex.def

(C:\Users\flosp\Desktop\Programme\Latex\tex\generic\pgf\systemlayer\pgfsys-pdft
ex.def
File: pgfsys-pdftex.def 2014/10/11  (rcs-revision 1.35)

(C:\Users\flosp\Desktop\Programme\Latex\tex\generic\pgf\systemlayer\pgfsys-comm
on-pdf.def
File: pgfsys-common-pdf.def 2013/10/10  (rcs-revision 1.13)
)))
(C:\Users\flosp\Desktop\Programme\Latex\tex\generic\pgf\systemlayer\pgfsyssoftp
ath.code.tex
File: pgfsyssoftpath.code.tex 2013/09/09  (rcs-revision 1.9)
\pgfsyssoftpath@smallbuffer@items=\count124
\pgfsyssoftpath@bigbuffer@items=\count125
)
(C:\Users\flosp\Desktop\Programme\Latex\tex\generic\pgf\systemlayer\pgfsysproto
col.code.tex
File: pgfsysprotocol.code.tex 2006/10/16  (rcs-revision 1.4)
))
(C:\Users\flosp\Desktop\Programme\Latex\tex\latex\xcolor\xcolor.sty
Package: xcolor 2016/05/11 v2.12 LaTeX color extensions (UK)

(C:\Users\flosp\Desktop\Programme\Latex\tex\latex\graphics-cfg\color.cfg
File: color.cfg 2016/01/02 v1.6 sample color configuration
)
Package xcolor Info: Driver file: pdftex.def on input line 225.
LaTeX Info: Redefining \color on input line 709.
Package xcolor Info: Model `cmy' substituted by `cmy0' on input line 1348.
Package xcolor Info: Model `hsb' substituted by `rgb' on input line 1352.
Package xcolor Info: Model `RGB' extended on input line 1364.
Package xcolor Info: Model `HTML' substituted by `rgb' on input line 1366.
Package xcolor Info: Model `Hsb' substituted by `hsb' on input line 1367.
Package xcolor Info: Model `tHsb' substituted by `hsb' on input line 1368.
Package xcolor Info: Model `HSB' substituted by `hsb' on input line 1369.
Package xcolor Info: Model `Gray' substituted by `gray' on input line 1370.
Package xcolor Info: Model `wave' substituted by `hsb' on input line 1371.
)
(C:\Users\flosp\Desktop\Programme\Latex\tex\generic\pgf\basiclayer\pgfcore.code
.tex
Package: pgfcore 2010/04/11 v3.0.1a (rcs-revision 1.7)

(C:\Users\flosp\Desktop\Programme\Latex\tex\generic\pgf\math\pgfmath.code.tex
(C:\Users\flosp\Desktop\Programme\Latex\tex\generic\pgf\math\pgfmathcalc.code.t
ex
(C:\Users\flosp\Desktop\Programme\Latex\tex\generic\pgf\math\pgfmathutil.code.t
ex)
(C:\Users\flosp\Desktop\Programme\Latex\tex\generic\pgf\math\pgfmathparser.code
.tex
\pgfmath@dimen=\dimen130
\pgfmath@count=\count126
\pgfmath@box=\box33
\pgfmath@toks=\toks35
\pgfmath@stack@operand=\toks36
\pgfmath@stack@operation=\toks37
)
(C:\Users\flosp\Desktop\Programme\Latex\tex\generic\pgf\math\pgfmathfunctions.c
ode.tex
(C:\Users\flosp\Desktop\Programme\Latex\tex\generic\pgf\math\pgfmathfunctions.b
asic.code.tex)
(C:\Users\flosp\Desktop\Programme\Latex\tex\generic\pgf\math\pgfmathfunctions.t
rigonometric.code.tex)
(C:\Users\flosp\Desktop\Programme\Latex\tex\generic\pgf\math\pgfmathfunctions.r
andom.code.tex)
(C:\Users\flosp\Desktop\Programme\Latex\tex\generic\pgf\math\pgfmathfunctions.c
omparison.code.tex)
(C:\Users\flosp\Desktop\Programme\Latex\tex\generic\pgf\math\pgfmathfunctions.b
ase.code.tex)
(C:\Users\flosp\Desktop\Programme\Latex\tex\generic\pgf\math\pgfmathfunctions.r
ound.code.tex)
(C:\Users\flosp\Desktop\Programme\Latex\tex\generic\pgf\math\pgfmathfunctions.m
isc.code.tex)
(C:\Users\flosp\Desktop\Programme\Latex\tex\generic\pgf\math\pgfmathfunctions.i
ntegerarithmetics.code.tex)))
(C:\Users\flosp\Desktop\Programme\Latex\tex\generic\pgf\math\pgfmathfloat.code.
tex
\c@pgfmathroundto@lastzeros=\count127
))
(C:\Users\flosp\Desktop\Programme\Latex\tex\generic\pgf\basiclayer\pgfcorepoint
s.code.tex
File: pgfcorepoints.code.tex 2013/10/07  (rcs-revision 1.27)
\pgf@picminx=\dimen131
\pgf@picmaxx=\dimen132
\pgf@picminy=\dimen133
\pgf@picmaxy=\dimen134
\pgf@pathminx=\dimen135
\pgf@pathmaxx=\dimen136
\pgf@pathminy=\dimen137
\pgf@pathmaxy=\dimen138
\pgf@xx=\dimen139
\pgf@xy=\dimen140
\pgf@yx=\dimen141
\pgf@yy=\dimen142
\pgf@zx=\dimen143
\pgf@zy=\dimen144
)
(C:\Users\flosp\Desktop\Programme\Latex\tex\generic\pgf\basiclayer\pgfcorepathc
onstruct.code.tex
File: pgfcorepathconstruct.code.tex 2013/10/07  (rcs-revision 1.29)
\pgf@path@lastx=\dimen145
\pgf@path@lasty=\dimen146
)
(C:\Users\flosp\Desktop\Programme\Latex\tex\generic\pgf\basiclayer\pgfcorepathu
sage.code.tex
File: pgfcorepathusage.code.tex 2014/11/02  (rcs-revision 1.24)
\pgf@shorten@end@additional=\dimen147
\pgf@shorten@start@additional=\dimen148
)
(C:\Users\flosp\Desktop\Programme\Latex\tex\generic\pgf\basiclayer\pgfcorescope
s.code.tex
File: pgfcorescopes.code.tex 2015/05/08  (rcs-revision 1.46)
\pgfpic=\box34
\pgf@hbox=\box35
\pgf@layerbox@main=\box36
\pgf@picture@serial@count=\count128
)
(C:\Users\flosp\Desktop\Programme\Latex\tex\generic\pgf\basiclayer\pgfcoregraph
icstate.code.tex
File: pgfcoregraphicstate.code.tex 2014/11/02  (rcs-revision 1.12)
\pgflinewidth=\dimen149
)
(C:\Users\flosp\Desktop\Programme\Latex\tex\generic\pgf\basiclayer\pgfcoretrans
formations.code.tex
File: pgfcoretransformations.code.tex 2015/08/07  (rcs-revision 1.20)
\pgf@pt@x=\dimen150
\pgf@pt@y=\dimen151
\pgf@pt@temp=\dimen152
)
(C:\Users\flosp\Desktop\Programme\Latex\tex\generic\pgf\basiclayer\pgfcorequick
.code.tex
File: pgfcorequick.code.tex 2008/10/09  (rcs-revision 1.3)
)
(C:\Users\flosp\Desktop\Programme\Latex\tex\generic\pgf\basiclayer\pgfcoreobjec
ts.code.tex
File: pgfcoreobjects.code.tex 2006/10/11  (rcs-revision 1.2)
)
(C:\Users\flosp\Desktop\Programme\Latex\tex\generic\pgf\basiclayer\pgfcorepathp
rocessing.code.tex
File: pgfcorepathprocessing.code.tex 2013/09/09  (rcs-revision 1.9)
)
(C:\Users\flosp\Desktop\Programme\Latex\tex\generic\pgf\basiclayer\pgfcorearrow
s.code.tex
File: pgfcorearrows.code.tex 2015/05/14  (rcs-revision 1.43)
\pgfarrowsep=\dimen153
)
(C:\Users\flosp\Desktop\Programme\Latex\tex\generic\pgf\basiclayer\pgfcoreshade
.code.tex
File: pgfcoreshade.code.tex 2013/07/15  (rcs-revision 1.15)
\pgf@max=\dimen154
\pgf@sys@shading@range@num=\count129
)
(C:\Users\flosp\Desktop\Programme\Latex\tex\generic\pgf\basiclayer\pgfcoreimage
.code.tex
File: pgfcoreimage.code.tex 2013/07/15  (rcs-revision 1.18)

(C:\Users\flosp\Desktop\Programme\Latex\tex\generic\pgf\basiclayer\pgfcoreexter
nal.code.tex
File: pgfcoreexternal.code.tex 2014/07/09  (rcs-revision 1.21)
\pgfexternal@startupbox=\box37
))
(C:\Users\flosp\Desktop\Programme\Latex\tex\generic\pgf\basiclayer\pgfcorelayer
s.code.tex
File: pgfcorelayers.code.tex 2013/07/18  (rcs-revision 1.7)
)
(C:\Users\flosp\Desktop\Programme\Latex\tex\generic\pgf\basiclayer\pgfcoretrans
parency.code.tex
File: pgfcoretransparency.code.tex 2013/09/30  (rcs-revision 1.5)
)
(C:\Users\flosp\Desktop\Programme\Latex\tex\generic\pgf\basiclayer\pgfcorepatte
rns.code.tex
File: pgfcorepatterns.code.tex 2013/11/07  (rcs-revision 1.5)
)))
(C:\Users\flosp\Desktop\Programme\Latex\tex\generic\pgf\modules\pgfmoduleshapes
.code.tex
File: pgfmoduleshapes.code.tex 2014/03/21  (rcs-revision 1.35)
\pgfnodeparttextbox=\box38
)
(C:\Users\flosp\Desktop\Programme\Latex\tex\generic\pgf\modules\pgfmoduleplot.c
ode.tex
File: pgfmoduleplot.code.tex 2015/08/03  (rcs-revision 1.13)
)
(C:\Users\flosp\Desktop\Programme\Latex\tex\latex\pgf\compatibility\pgfcomp-ver
sion-0-65.sty
Package: pgfcomp-version-0-65 2007/07/03 v3.0.1a (rcs-revision 1.7)
\pgf@nodesepstart=\dimen155
\pgf@nodesepend=\dimen156
)
(C:\Users\flosp\Desktop\Programme\Latex\tex\latex\pgf\compatibility\pgfcomp-ver
sion-1-18.sty
Package: pgfcomp-version-1-18 2007/07/23 v3.0.1a (rcs-revision 1.1)
))
(C:\Users\flosp\Desktop\Programme\Latex\tex\latex\pgf\utilities\pgffor.sty
(C:\Users\flosp\Desktop\Programme\Latex\tex\latex\pgf\utilities\pgfkeys.sty
(C:\Users\flosp\Desktop\Programme\Latex\tex\generic\pgf\utilities\pgfkeys.code.
tex)) (C:\Users\flosp\Desktop\Programme\Latex\tex\latex\pgf\math\pgfmath.sty
(C:\Users\flosp\Desktop\Programme\Latex\tex\generic\pgf\math\pgfmath.code.tex))

(C:\Users\flosp\Desktop\Programme\Latex\tex\generic\pgf\utilities\pgffor.code.t
ex
Package: pgffor 2013/12/13 v3.0.1a (rcs-revision 1.25)

(C:\Users\flosp\Desktop\Programme\Latex\tex\generic\pgf\math\pgfmath.code.tex)
\pgffor@iter=\dimen157
\pgffor@skip=\dimen158
\pgffor@stack=\toks38
\pgffor@toks=\toks39
))
(C:\Users\flosp\Desktop\Programme\Latex\tex\generic\pgf\frontendlayer\tikz\tikz
.code.tex
Package: tikz 2015/08/07 v3.0.1a (rcs-revision 1.151)

(C:\Users\flosp\Desktop\Programme\Latex\tex\generic\pgf\libraries\pgflibraryplo
thandlers.code.tex
File: pgflibraryplothandlers.code.tex 2013/08/31 v3.0.1a (rcs-revision 1.20)
\pgf@plot@mark@count=\count130
\pgfplotmarksize=\dimen159
)
\tikz@lastx=\dimen160
\tikz@lasty=\dimen161
\tikz@lastxsaved=\dimen162
\tikz@lastysaved=\dimen163
\tikzleveldistance=\dimen164
\tikzsiblingdistance=\dimen165
\tikz@figbox=\box39
\tikz@figbox@bg=\box40
\tikz@tempbox=\box41
\tikz@tempbox@bg=\box42
\tikztreelevel=\count131
\tikznumberofchildren=\count132
\tikznumberofcurrentchild=\count133
\tikz@fig@count=\count134

(C:\Users\flosp\Desktop\Programme\Latex\tex\generic\pgf\modules\pgfmodulematrix
.code.tex
File: pgfmodulematrix.code.tex 2013/09/17  (rcs-revision 1.8)
\pgfmatrixcurrentrow=\count135
\pgfmatrixcurrentcolumn=\count136
\pgf@matrix@numberofcolumns=\count137
)
\tikz@expandcount=\count138

(C:\Users\flosp\Desktop\Programme\Latex\tex\generic\pgf\frontendlayer\tikz\libr
aries\tikzlibrarytopaths.code.tex
File: tikzlibrarytopaths.code.tex 2008/06/17 v3.0.1a (rcs-revision 1.2)
)))
(C:\Users\flosp\Desktop\Programme\Latex\tex\generic\pgf\frontendlayer\tikz\libr
aries\tikzlibraryshapes.code.tex
File: tikzlibraryshapes.code.tex 2008/01/09 v3.0.1a (rcs-revision 1.1)

(C:\Users\flosp\Desktop\Programme\Latex\tex\generic\pgf\frontendlayer\tikz\libr
aries\tikzlibraryshapes.geometric.code.tex
File: tikzlibraryshapes.geometric.code.tex 2008/01/09 v3.0.1a (rcs-revision 1.1
)

(C:\Users\flosp\Desktop\Programme\Latex\tex\generic\pgf\libraries\shapes\pgflib
raryshapes.geometric.code.tex
File: pgflibraryshapes.geometric.code.tex 2008/06/26 v3.0.1a (rcs-revision 1.1)

))
(C:\Users\flosp\Desktop\Programme\Latex\tex\generic\pgf\frontendlayer\tikz\libr
aries\tikzlibraryshapes.misc.code.tex
File: tikzlibraryshapes.misc.code.tex 2008/01/09 v3.0.1a (rcs-revision 1.1)

(C:\Users\flosp\Desktop\Programme\Latex\tex\generic\pgf\libraries\shapes\pgflib
raryshapes.misc.code.tex
File: pgflibraryshapes.misc.code.tex 2013/07/18 v3.0.1a (rcs-revision 1.5)
))
(C:\Users\flosp\Desktop\Programme\Latex\tex\generic\pgf\frontendlayer\tikz\libr
aries\tikzlibraryshapes.symbols.code.tex
File: tikzlibraryshapes.symbols.code.tex 2008/01/09 v3.0.1a (rcs-revision 1.1)

(C:\Users\flosp\Desktop\Programme\Latex\tex\generic\pgf\libraries\shapes\pgflib
raryshapes.symbols.code.tex
File: pgflibraryshapes.symbols.code.tex 2013/09/11 v3.0.1a (rcs-revision 1.6)
))
(C:\Users\flosp\Desktop\Programme\Latex\tex\generic\pgf\frontendlayer\tikz\libr
aries\tikzlibraryshapes.arrows.code.tex
File: tikzlibraryshapes.arrows.code.tex 2008/01/09 v3.0.1a (rcs-revision 1.1)

(C:\Users\flosp\Desktop\Programme\Latex\tex\generic\pgf\libraries\shapes\pgflib
raryshapes.arrows.code.tex
File: pgflibraryshapes.arrows.code.tex 2008/06/26 v3.0.1a (rcs-revision 1.1)
))
(C:\Users\flosp\Desktop\Programme\Latex\tex\generic\pgf\frontendlayer\tikz\libr
aries\tikzlibraryshapes.callouts.code.tex
(C:\Users\flosp\Desktop\Programme\Latex\tex\generic\pgf\libraries\shapes\pgflib
raryshapes.callouts.code.tex))
(C:\Users\flosp\Desktop\Programme\Latex\tex\generic\pgf\frontendlayer\tikz\libr
aries\tikzlibraryshapes.multipart.code.tex
File: tikzlibraryshapes.multipart.code.tex 2008/01/09 v3.0.1a (rcs-revision 1.1
)

(C:\Users\flosp\Desktop\Programme\Latex\tex\generic\pgf\libraries\shapes\pgflib
raryshapes.multipart.code.tex
File: pgflibraryshapes.multipart.code.tex 2010/01/07 v3.0.1a (rcs-revision 1.2)

\pgfnodepartlowerbox=\box43
\pgfnodeparttwobox=\box44
\pgfnodepartthreebox=\box45
\pgfnodepartfourbox=\box46
\pgfnodeparttwentybox=\box47
\pgfnodepartnineteenbox=\box48
\pgfnodeparteighteenbox=\box49
\pgfnodepartseventeenbox=\box50
\pgfnodepartsixteenbox=\box51
\pgfnodepartfifteenbox=\box52
\pgfnodepartfourteenbox=\box53
\pgfnodepartthirteenbox=\box54
\pgfnodeparttwelvebox=\box55
\pgfnodepartelevenbox=\box56
\pgfnodeparttenbox=\box57
\pgfnodepartninebox=\box58
\pgfnodeparteightbox=\box59
\pgfnodepartsevenbox=\box60
\pgfnodepartsixbox=\box61
\pgfnodepartfivebox=\box62
)))
(C:\Users\flosp\Desktop\Programme\Latex\tex\latex\listings\lstlang1.sty
File: lstlang1.sty 2015/06/04 1.6 listings language file
)
(C:\Users\flosp\Desktop\Programme\Latex\tex\latex\xifthen\xifthen.sty
Package: xifthen 2015/11/05 v1.4.0 Extended ifthen features

(C:\Users\flosp\Desktop\Programme\Latex\tex\latex\tools\calc.sty
Package: calc 2014/10/28 v4.3 Infix arithmetic (KKT,FJ)
\calc@Acount=\count139
\calc@Bcount=\count140
\calc@Adimen=\dimen166
\calc@Bdimen=\dimen167
\calc@Askip=\skip59
\calc@Bskip=\skip60
LaTeX Info: Redefining \setlength on input line 80.
LaTeX Info: Redefining \addtolength on input line 81.
\calc@Ccount=\count141
\calc@Cskip=\skip61
)
(C:\Users\flosp\Desktop\Programme\Latex\tex\latex\base\ifthen.sty
Package: ifthen 2014/09/29 v1.1c Standard LaTeX ifthen package (DPC)
)
(C:\Users\flosp\Desktop\Programme\Latex\tex\latex\ifmtarg\ifmtarg.sty
Package: ifmtarg 2009/09/02 v1.2a check for an empty argument
))
(C:\Users\flosp\Desktop\Programme\Latex\tex\latex\tools\multicol.sty
Package: multicol 2016/04/07 v1.8p multicolumn formatting (FMi)
\c@tracingmulticols=\count142
\mult@box=\box63
\multicol@leftmargin=\dimen168
\c@unbalance=\count143
\c@collectmore=\count144
\doublecol@number=\count145
\multicoltolerance=\count146
\multicolpretolerance=\count147
\full@width=\dimen169
\page@free=\dimen170
\premulticols=\dimen171
\postmulticols=\dimen172
\multicolsep=\skip62
\multicolbaselineskip=\skip63
\partial@page=\box64
\last@line=\box65
\maxbalancingoverflow=\dimen173
\mult@rightbox=\box66
\mult@grightbox=\box67
\mult@gfirstbox=\box68
\mult@firstbox=\box69
\@tempa=\box70
\@tempa=\box71
\@tempa=\box72
\@tempa=\box73
\@tempa=\box74
\@tempa=\box75
\@tempa=\box76
\@tempa=\box77
\@tempa=\box78
\@tempa=\box79
\@tempa=\box80
\@tempa=\box81
\@tempa=\box82
\@tempa=\box83
\@tempa=\box84
\@tempa=\box85
\@tempa=\box86
\c@columnbadness=\count148
\c@finalcolumnbadness=\count149
\last@try=\dimen174
\multicolovershoot=\dimen175
\multicolundershoot=\dimen176
\mult@nat@firstbox=\box87
\colbreak@box=\box88
\mc@col@check@num=\count150
)
(C:\Users\flosp\Desktop\Programme\Latex\tex\latex\paralist\paralist.sty
Package: paralist 2017/01/22 v2.7 Extended list environments
\pltopsep=\skip64
\plpartopsep=\skip65
\plitemsep=\skip66
\plparsep=\skip67
\pl@lab=\toks40
)
(C:\Users\flosp\Desktop\Programme\Latex\tex\latex\url\url.sty
\Urlmuskip=\muskip11
Package: url 2013/09/16  ver 3.4  Verb mode for urls, etc.
)

Class scrartcl Warning: Usage of package `fancyhdr' together
(scrartcl)              with a KOMA-Script class is not recommended.
(scrartcl)              I'd suggest to use 
(scrartcl)              package `scrlayer-scrpage'.
(scrartcl)              Nevertheless, using requested
(scrartcl)              package `fancyhdr' on input line 56.

(C:\Users\flosp\Desktop\Programme\Latex\tex\latex\fancyhdr\fancyhdr.sty
Package: fancyhdr 2016/09/06 3.8 Extensive control of page headers and footers
\fancy@headwidth=\skip68
\f@ncyO@elh=\skip69
\f@ncyO@erh=\skip70
\f@ncyO@olh=\skip71
\f@ncyO@orh=\skip72
\f@ncyO@elf=\skip73
\f@ncyO@erf=\skip74
\f@ncyO@olf=\skip75
\f@ncyO@orf=\skip76
))
(C:\Users\flosp\Desktop\Programme\Latex\tex\latex\hyperref\hyperref.sty
Package: hyperref 2016/06/24 v6.83q Hypertext links for LaTeX

(C:\Users\flosp\Desktop\Programme\Latex\tex\generic\oberdiek\hobsub-hyperref.st
y
Package: hobsub-hyperref 2016/05/16 v1.14 Bundle oberdiek, subset hyperref (HO)


(C:\Users\flosp\Desktop\Programme\Latex\tex\generic\oberdiek\hobsub-generic.sty
Package: hobsub-generic 2016/05/16 v1.14 Bundle oberdiek, subset generic (HO)
Package: hobsub 2016/05/16 v1.14 Construct package bundles (HO)
Package hobsub Info: Skipping package `infwarerr' (already loaded).
Package hobsub Info: Skipping package `ltxcmds' (already loaded).
Package: ifluatex 2016/05/16 v1.4 Provides the ifluatex switch (HO)
Package ifluatex Info: LuaTeX not detected.
Package: ifvtex 2016/05/16 v1.6 Detect VTeX and its facilities (HO)
Package ifvtex Info: VTeX not detected.
Package: intcalc 2016/05/16 v1.2 Expandable calculations with integers (HO)
Package: ifpdf 2016/05/14 v3.1 Provides the ifpdf switch
Package: etexcmds 2016/05/16 v1.6 Avoid name clashes with e-TeX commands (HO)
Package etexcmds Info: Could not find \expanded.
(etexcmds)             That can mean that you are not using pdfTeX 1.50 or
(etexcmds)             that some package has redefined \expanded.
(etexcmds)             In the latter case, load this package earlier.
Package: kvsetkeys 2016/05/16 v1.17 Key value parser (HO)
Package: kvdefinekeys 2016/05/16 v1.4 Define keys (HO)
Package: pdftexcmds 2016/05/21 v0.22 Utility functions of pdfTeX for LuaTeX (HO
)
Package pdftexcmds Info: LuaTeX not detected.
Package pdftexcmds Info: \pdf@primitive is available.
Package pdftexcmds Info: \pdf@ifprimitive is available.
Package pdftexcmds Info: \pdfdraftmode found.
Package: pdfescape 2016/05/16 v1.14 Implements pdfTeX's escape features (HO)
Package: bigintcalc 2016/05/16 v1.4 Expandable calculations on big integers (HO
)
Package: bitset 2016/05/16 v1.2 Handle bit-vector datatype (HO)
Package: uniquecounter 2016/05/16 v1.3 Provide unlimited unique counter (HO)
)
Package hobsub Info: Skipping package `hobsub' (already loaded).
Package: letltxmacro 2016/05/16 v1.5 Let assignment for LaTeX macros (HO)
Package: hopatch 2016/05/16 v1.3 Wrapper for package hooks (HO)
Package: xcolor-patch 2016/05/16 xcolor patch
Package: atveryend 2016/05/16 v1.9 Hooks at the very end of document (HO)
Package: atbegshi 2016/06/09 v1.18 At begin shipout hook (HO)
Package: refcount 2016/05/16 v3.5 Data extraction from label references (HO)
Package: hycolor 2016/05/16 v1.8 Color options for hyperref/bookmark (HO)
) (C:\Users\flosp\Desktop\Programme\Latex\tex\generic\ifxetex\ifxetex.sty
Package: ifxetex 2010/09/12 v0.6 Provides ifxetex conditional
)
(C:\Users\flosp\Desktop\Programme\Latex\tex\latex\oberdiek\auxhook.sty
Package: auxhook 2016/05/16 v1.4 Hooks for auxiliary files (HO)
)
(C:\Users\flosp\Desktop\Programme\Latex\tex\latex\oberdiek\kvoptions.sty
Package: kvoptions 2016/05/16 v3.12 Key value format for package options (HO)
)
\@linkdim=\dimen177
\Hy@linkcounter=\count151
\Hy@pagecounter=\count152

(C:\Users\flosp\Desktop\Programme\Latex\tex\latex\hyperref\pd1enc.def
File: pd1enc.def 2016/06/24 v6.83q Hyperref: PDFDocEncoding definition (HO)
)
\Hy@SavedSpaceFactor=\count153

(C:\Users\flosp\Desktop\Programme\Latex\tex\latex\00miktex\hyperref.cfg
File: hyperref.cfg 2002/06/06 v1.2 hyperref configuration of TeXLive
)
Package hyperref Info: Hyper figures OFF on input line 4486.
Package hyperref Info: Link nesting OFF on input line 4491.
Package hyperref Info: Hyper index ON on input line 4494.
Package hyperref Info: Plain pages OFF on input line 4501.
Package hyperref Info: Backreferencing OFF on input line 4506.
Package hyperref Info: Implicit mode ON; LaTeX internals redefined.
Package hyperref Info: Bookmarks ON on input line 4735.
\c@Hy@tempcnt=\count154
LaTeX Info: Redefining \url on input line 5088.
\XeTeXLinkMargin=\dimen178
\Fld@menulength=\count155
\Field@Width=\dimen179
\Fld@charsize=\dimen180
Package hyperref Info: Hyper figures OFF on input line 6342.
Package hyperref Info: Link nesting OFF on input line 6347.
Package hyperref Info: Hyper index ON on input line 6350.
Package hyperref Info: backreferencing OFF on input line 6357.
Package hyperref Info: Link coloring OFF on input line 6362.
Package hyperref Info: Link coloring with OCG OFF on input line 6367.
Package hyperref Info: PDF/A mode OFF on input line 6372.
LaTeX Info: Redefining \ref on input line 6412.
LaTeX Info: Redefining \pageref on input line 6416.
\Hy@abspage=\count156
\c@Item=\count157
\c@Hfootnote=\count158
)

Package hyperref Message: Driver (autodetected): hpdftex.

(C:\Users\flosp\Desktop\Programme\Latex\tex\latex\hyperref\hpdftex.def
File: hpdftex.def 2016/06/24 v6.83q Hyperref driver for pdfTeX
\Fld@listcount=\count159
\c@bookmark@seq@number=\count160

(C:\Users\flosp\Desktop\Programme\Latex\tex\latex\oberdiek\rerunfilecheck.sty
Package: rerunfilecheck 2016/05/16 v1.8 Rerun checks for auxiliary files (HO)
Package uniquecounter Info: New unique counter `rerunfilecheck' on input line 2
82.
)
\Hy@SectionHShift=\skip77
)
Package csquotes Info: Checking for multilingual support...
Package csquotes Info: ... found 'babel' package.
(Ausarbeitung.aux)
\openout1 = `Ausarbeitung.aux'.

LaTeX Font Info:    Checking defaults for OML/cmm/m/it on input line 19.
LaTeX Font Info:    ... okay on input line 19.
LaTeX Font Info:    Checking defaults for T1/cmr/m/n on input line 19.
LaTeX Font Info:    ... okay on input line 19.
LaTeX Font Info:    Checking defaults for OT1/cmr/m/n on input line 19.
LaTeX Font Info:    ... okay on input line 19.
LaTeX Font Info:    Checking defaults for OMS/cmsy/m/n on input line 19.
LaTeX Font Info:    ... okay on input line 19.
LaTeX Font Info:    Checking defaults for OMX/cmex/m/n on input line 19.
LaTeX Font Info:    ... okay on input line 19.
LaTeX Font Info:    Checking defaults for U/cmr/m/n on input line 19.
LaTeX Font Info:    ... okay on input line 19.
LaTeX Font Info:    Checking defaults for PD1/pdf/m/n on input line 19.
LaTeX Font Info:    ... okay on input line 19.
LaTeX Font Info:    Try loading font information for T1+ppl on input line 19.

(C:\Users\flosp\Desktop\Programme\Latex\tex\latex\psnfss\t1ppl.fd
File: t1ppl.fd 2001/06/04 font definitions for T1/ppl.
)
(C:\Users\flosp\Desktop\Programme\Latex\tex\latex\ucs\ucsencs.def
File: ucsencs.def 2011/01/21 Fixes to fontencodings LGR, T3
)
(C:\Users\flosp\Desktop\Programme\Latex\tex\context\base\supp-pdf.mkii
[Loading MPS to PDF converter (version 2006.09.02).]
\scratchcounter=\count161
\scratchdimen=\dimen181
\scratchbox=\box89
\nofMPsegments=\count162
\nofMParguments=\count163
\everyMPshowfont=\toks41
\MPscratchCnt=\count164
\MPscratchDim=\dimen182
\MPnumerator=\count165
\makeMPintoPDFobject=\count166
\everyMPtoPDFconversion=\toks42
) (C:\Users\flosp\Desktop\Programme\Latex\tex\latex\oberdiek\epstopdf-base.sty
Package: epstopdf-base 2016/05/15 v2.6 Base part for package epstopdf

(C:\Users\flosp\Desktop\Programme\Latex\tex\latex\oberdiek\grfext.sty
Package: grfext 2016/05/16 v1.2 Manage graphics extensions (HO)
)
Package epstopdf-base Info: Redefining graphics rule for `.eps' on input line 4
38.
Package grfext Info: Graphics extension search list:
(grfext)             [.png,.pdf,.jpg,.mps,.jpeg,.jbig2,.jb2,.PNG,.PDF,.JPG,.JPE
G,.JBIG2,.JB2,.eps]
(grfext)             \AppendGraphicsExtensions on input line 456.
)
\c@lstlisting=\count167
LaTeX Info: Redefining \microtypecontext on input line 19.
Package microtype Info: Generating PDF output.
Package microtype Info: Character protrusion enabled (level 2).
Package microtype Info: Using default protrusion set `alltext'.
Package microtype Info: Automatic font expansion enabled (level 2),
(microtype)             stretch: 20, shrink: 20, step: 1, non-selected.
Package microtype Info: Using default expansion set `basictext'.
Package microtype Info: No adjustment of tracking.
Package microtype Info: No adjustment of interword spacing.
Package microtype Info: No adjustment of character kerning.

(C:\Users\flosp\Desktop\Programme\Latex\tex\latex\microtype\mt-ppl.cfg
File: mt-ppl.cfg 2005/11/16 v1.6 microtype config. file: Palatino (RS)
)
ABD: EveryShipout initializing macros
\AtBeginShipoutBox=\box90
Package hyperref Info: Link coloring OFF on input line 19.

(C:\Users\flosp\Desktop\Programme\Latex\tex\latex\hyperref\nameref.sty
Package: nameref 2016/05/21 v2.44 Cross-referencing by name of section

(C:\Users\flosp\Desktop\Programme\Latex\tex\generic\oberdiek\gettitlestring.sty
Package: gettitlestring 2016/05/16 v1.5 Cleanup title references (HO)
)
\c@section@level=\count168
)
LaTeX Info: Redefining \ref on input line 19.
LaTeX Info: Redefining \pageref on input line 19.
LaTeX Info: Redefining \nameref on input line 19.
 (Ausarbeitung.out) (Ausarbeitung.out)
\@outlinefile=\write4
\openout4 = `Ausarbeitung.out'.

LaTeX Font Info:    Font shape `T1/ppl/bx/n' in size <14.4> not available
(Font)              Font shape `T1/ppl/b/n' tried instead on input line 21.

<pictures/baked_Mandelbrot.jpg, id=66, 770.88pt x 770.88pt>
File: pictures/baked_Mandelbrot.jpg Graphic file (type jpg)

<use pictures/baked_Mandelbrot.jpg>
Package pdftex.def Info: pictures/baked_Mandelbrot.jpg used on input line 25.
(pdftex.def)             Requested size: 398.33858pt x 398.33093pt.
Package babel Info: Redefining ngerman shorthand "|
(babel)             in language  on input line 31.
Package babel Info: Redefining ngerman shorthand "~
(babel)             in language  on input line 31.
Package babel Info: Redefining ngerman shorthand "|
(babel)             in language  on input line 31.
Package babel Info: Redefining ngerman shorthand "~
(babel)             in language  on input line 31.
 [1{C:/ProgramData/MiKTeX/2.9/pdftex/config/pdftex.map}

 <./pictures/baked_Mandelbrot.jpg>]
LaTeX Font Info:    Font shape `T1/ppl/bx/n' in size <10.95> not available
(Font)              Font shape `T1/ppl/b/n' tried instead on input line 31.
Package tocbasic Info: character protrusion at toc deactivated on input line 31
.
 (Ausarbeitung.toc
(C:\Users\flosp\Desktop\Programme\Latex\tex\latex\microtype\mt-cmr.cfg
File: mt-cmr.cfg 2013/05/19 v2.2 microtype config. file: Computer Modern Roman 
(RS)
))
\tf@toc=\write5
\openout5 = `Ausarbeitung.toc'.

Package babel Info: Redefining ngerman shorthand "|
(babel)             in language  on input line 35.
Package babel Info: Redefining ngerman shorthand "~
(babel)             in language  on input line 35.
Package babel Info: Redefining ngerman shorthand "|
(babel)             in language  on input line 35.
Package babel Info: Redefining ngerman shorthand "~
(babel)             in language  on input line 35.

[2]
Package babel Info: Redefining ngerman shorthand "|
(babel)             in language  on input line 35.
Package babel Info: Redefining ngerman shorthand "~
(babel)             in language  on input line 35.
 (C:\Users\flosp\Desktop\Programme\Latex\tex\latex\ucs\uni-0.def
File: uni-0.def 2013/05/13 UCS: Unicode data U+0000..U+00FF
)
Underfull \hbox (badness 10000) in paragraph at lines 36--43

 []

<pictures/MandelbrotMitAchsen.png, id=94, 1027.84pt x 1027.84pt>
File: pictures/MandelbrotMitAchsen.png Graphic file (type png)

<use pictures/MandelbrotMitAchsen.png>
Package pdftex.def Info: pictures/MandelbrotMitAchsen.png used on input line 46
.
(pdftex.def)             Requested size: 205.56436pt x 205.56436pt.
Package babel Info: Redefining ngerman shorthand "|
(babel)             in language  on input line 57.
Package babel Info: Redefining ngerman shorthand "~
(babel)             in language  on input line 57.
Package babel Info: Redefining ngerman shorthand "|
(babel)             in language  on input line 57.
Package babel Info: Redefining ngerman shorthand "~
(babel)             in language  on input line 57.
 [3 <./pictures/MandelbrotMitAchsen.png>]
Package babel Info: Redefining ngerman shorthand "|
(babel)             in language  on input line 58.
Package babel Info: Redefining ngerman shorthand "~
(babel)             in language  on input line 58.
(C:\Users\flosp\Desktop\Programme\Latex\tex\latex\ucs\uni-32.def
File: uni-32.def 2013/05/13 UCS: Unicode data U+2000..U+20FF
)
Package babel Info: Redefining ngerman shorthand "|
(babel)             in language  on input line 69.
Package babel Info: Redefining ngerman shorthand "~
(babel)             in language  on input line 69.
Package babel Info: Redefining ngerman shorthand "|
(babel)             in language  on input line 69.
Package babel Info: Redefining ngerman shorthand "~
(babel)             in language  on input line 69.
 [4]
Package babel Info: Redefining ngerman shorthand "|
(babel)             in language  on input line 69.
Package babel Info: Redefining ngerman shorthand "~
(babel)             in language  on input line 69.
Package babel Info: Redefining ngerman shorthand "|
(babel)             in language  on input line 103.
Package babel Info: Redefining ngerman shorthand "~
(babel)             in language  on input line 103.
Package babel Info: Redefining ngerman shorthand "|
(babel)             in language  on input line 103.
Package babel Info: Redefining ngerman shorthand "~
(babel)             in language  on input line 103.
 [5]
Package babel Info: Redefining ngerman shorthand "|
(babel)             in language  on input line 103.
Package babel Info: Redefining ngerman shorthand "~
(babel)             in language  on input line 103.
LaTeX Font Info:    Font shape `T1/ppl/bx/n' in size <12> not available
(Font)              Font shape `T1/ppl/b/n' tried instead on input line 104.
Package babel Info: Redefining ngerman shorthand "|
(babel)             in language  on input line 104.
Package babel Info: Redefining ngerman shorthand "~
(babel)             in language  on input line 104.
LaTeX Font Info:    Try loading font information for T1+cmtt on input line 112.


(C:\Users\flosp\Desktop\Programme\Latex\tex\latex\base\t1cmtt.fd
File: t1cmtt.fd 2014/09/29 v2.5h Standard LaTeX font definitions
)
Package microtype Info: Loading generic settings for font family
(microtype)             `cmtt' (encoding: T1).
(microtype)             For optimal results, create family-specific settings.
(microtype)             See the microtype manual for details.
Package babel Info: Redefining ngerman shorthand "|
(babel)             in language  on input line 145.
Package babel Info: Redefining ngerman shorthand "~
(babel)             in language  on input line 145.
Package babel Info: Redefining ngerman shorthand "|
(babel)             in language  on input line 145.
Package babel Info: Redefining ngerman shorthand "~
(babel)             in language  on input line 145.
 [6]
Package babel Info: Redefining ngerman shorthand "|
(babel)             in language  on input line 146.
Package babel Info: Redefining ngerman shorthand "~
(babel)             in language  on input line 146.
Package babel Info: Redefining ngerman shorthand "|
(babel)             in language  on input line 148.
Package babel Info: Redefining ngerman shorthand "~
(babel)             in language  on input line 148.
Package babel Info: Redefining ngerman shorthand "|
(babel)             in language  on input line 156.
Package babel Info: Redefining ngerman shorthand "~
(babel)             in language  on input line 156.
Package babel Info: Redefining ngerman shorthand "|
(babel)             in language  on input line 171.
Package babel Info: Redefining ngerman shorthand "~
(babel)             in language  on input line 171.
Package babel Info: Redefining ngerman shorthand "|
(babel)             in language  on input line 171.
Package babel Info: Redefining ngerman shorthand "~
(babel)             in language  on input line 171.
 [7]
Package babel Info: Redefining ngerman shorthand "|
(babel)             in language  on input line 197.
Package babel Info: Redefining ngerman shorthand "~
(babel)             in language  on input line 197.
Package babel Info: Redefining ngerman shorthand "|
(babel)             in language  on input line 197.
Package babel Info: Redefining ngerman shorthand "~
(babel)             in language  on input line 197.

[8]
Package babel Info: Redefining ngerman shorthand "|
(babel)             in language  on input line 201.
Package babel Info: Redefining ngerman shorthand "~
(babel)             in language  on input line 201.
Package babel Info: Redefining ngerman shorthand "|
(babel)             in language  on input line 204.
Package babel Info: Redefining ngerman shorthand "~
(babel)             in language  on input line 204.
 <pictures/KonzeptLanes.jpg, id=132, 728.7225pt x 392.96812pt>
File: pictures/KonzeptLanes.jpg Graphic file (type jpg)

<use pictures/KonzeptLanes.jpg>
Package pdftex.def Info: pictures/KonzeptLanes.jpg used on input line 223.
(pdftex.def)             Requested size: 341.43306pt x 184.1194pt.
Package babel Info: Redefining ngerman shorthand "|
(babel)             in language  on input line 234.
Package babel Info: Redefining ngerman shorthand "~
(babel)             in language  on input line 234.
Package babel Info: Redefining ngerman shorthand "|
(babel)             in language  on input line 234.
Package babel Info: Redefining ngerman shorthand "~
(babel)             in language  on input line 234.
 [9]
Package babel Info: Redefining ngerman shorthand "|
(babel)             in language  on input line 234.
Package babel Info: Redefining ngerman shorthand "~
(babel)             in language  on input line 234.
Package babel Info: Redefining ngerman shorthand "|
(babel)             in language  on input line 257.
Package babel Info: Redefining ngerman shorthand "~
(babel)             in language  on input line 257.
Package babel Info: Redefining ngerman shorthand "|
(babel)             in language  on input line 257.
Package babel Info: Redefining ngerman shorthand "~
(babel)             in language  on input line 257.
 [10 <./pictures/KonzeptLanes.jpg>]
Package babel Info: Redefining ngerman shorthand "|
(babel)             in language  on input line 282.
Package babel Info: Redefining ngerman shorthand "~
(babel)             in language  on input line 282.
Package babel Info: Redefining ngerman shorthand "|
(babel)             in language  on input line 282.
Package babel Info: Redefining ngerman shorthand "~
(babel)             in language  on input line 282.
 [11]
Package babel Info: Redefining ngerman shorthand "|
(babel)             in language  on input line 317.
Package babel Info: Redefining ngerman shorthand "~
(babel)             in language  on input line 317.
Package babel Info: Redefining ngerman shorthand "|
(babel)             in language  on input line 320.
Package babel Info: Redefining ngerman shorthand "~
(babel)             in language  on input line 320.
Package babel Info: Redefining ngerman shorthand "|
(babel)             in language  on input line 320.
Package babel Info: Redefining ngerman shorthand "~
(babel)             in language  on input line 320.

[12]
Package babel Info: Redefining ngerman shorthand "|
(babel)             in language  on input line 414.
Package babel Info: Redefining ngerman shorthand "~
(babel)             in language  on input line 414.
Package babel Info: Redefining ngerman shorthand "|
(babel)             in language  on input line 414.
Package babel Info: Redefining ngerman shorthand "~
(babel)             in language  on input line 414.
 [13]
Package babel Info: Redefining ngerman shorthand "|
(babel)             in language  on input line 414.
Package babel Info: Redefining ngerman shorthand "~
(babel)             in language  on input line 414.
Package babel Info: Redefining ngerman shorthand "|
(babel)             in language  on input line 414.
Package babel Info: Redefining ngerman shorthand "~
(babel)             in language  on input line 414.
 [14]
Package babel Info: Redefining ngerman shorthand "|
(babel)             in language  on input line 415.
Package babel Info: Redefining ngerman shorthand "~
(babel)             in language  on input line 415.
Package babel Info: Redefining ngerman shorthand "|
(babel)             in language  on input line 416.
Package babel Info: Redefining ngerman shorthand "~
(babel)             in language  on input line 416.

<pictures/Geschwindigkeitsvergleich.jpg, id=166, 489.32813pt x 322.95656pt>
File: pictures/Geschwindigkeitsvergleich.jpg Graphic file (type jpg)

<use pictures/Geschwindigkeitsvergleich.jpg>
Package pdftex.def Info: pictures/Geschwindigkeitsvergleich.jpg used on input l
ine 429.
(pdftex.def)             Requested size: 284.52756pt x 187.79294pt.
Package babel Info: Redefining ngerman shorthand "|
(babel)             in language  on input line 446.
Package babel Info: Redefining ngerman shorthand "~
(babel)             in language  on input line 446.
Package babel Info: Redefining ngerman shorthand "|
(babel)             in language  on input line 446.
Package babel Info: Redefining ngerman shorthand "~
(babel)             in language  on input line 446.
 [15

 <./pictures/Geschwindigkeitsvergleich.jpg>]
Package babel Info: Redefining ngerman shorthand "|
(babel)             in language  on input line 448.
Package babel Info: Redefining ngerman shorthand "~
(babel)             in language  on input line 448.
Package babel Info: Redefining ngerman shorthand "|
(babel)             in language  on input line 453.
Package babel Info: Redefining ngerman shorthand "~
(babel)             in language  on input line 453.
Package babel Info: Redefining ngerman shorthand "|
(babel)             in language  on input line 453.
Package babel Info: Redefining ngerman shorthand "~
(babel)             in language  on input line 453.
 [16]
Package atveryend Info: Empty hook `BeforeClearDocument' on input line 453.
Package atveryend Info: Empty hook `AfterLastShipout' on input line 453.
 (Ausarbeitung.aux)
Package atveryend Info: Executing hook `AtVeryEndDocument' on input line 453.
Package atveryend Info: Executing hook `AtEndAfterFileList' on input line 453.
Package rerunfilecheck Info: File `Ausarbeitung.out' has not changed.
(rerunfilecheck)             Checksum: 81AD9222656083435B80E9A952E461AF;1070.
 ) 
Here is how much of TeX's memory you used:
 25664 strings out of 493333
 485319 string characters out of 3134479
 723290 words of memory out of 3000000
 28566 multiletter control sequences out of 15000+200000
 30882 words of font info for 140 fonts, out of 3000000 for 9000
 1141 hyphenation exceptions out of 8191
 67i,11n,67p,8825b,482s stack positions out of 5000i,500n,10000p,200000b,50000s
 <C:\Users\flosp\AppData\Local\MiKTeX\2.9\fonts\pk\ljfour\jknappen\ec\dpi600\
ectt0900.pk>{C:/Users/flosp/Desktop/Programme/Latex/fonts/enc/dvips/base/8r.enc
}<C:/Users/flosp/Desktop/Programme/Latex/fonts/type1/public/amsfonts/cm/cmmi10.
pfb><C:/Users/flosp/Desktop/Programme/Latex/fonts/type1/public/amsfonts/cm/cmmi
8.pfb><C:/Users/flosp/Desktop/Programme/Latex/fonts/type1/public/amsfonts/cm/cm
r10.pfb><C:/Users/flosp/Desktop/Programme/Latex/fonts/type1/public/amsfonts/cm/
cmr8.pfb><C:/Users/flosp/Desktop/Programme/Latex/fonts/type1/public/amsfonts/cm
/cmsy10.pfb><C:/Users/flosp/Desktop/Programme/Latex/fonts/type1/urw/palatino/up
lb8a.pfb><C:/Users/flosp/Desktop/Programme/Latex/fonts/type1/urw/palatino/uplr8
a.pfb>
Output written on Ausarbeitung.pdf (16 pages, 826939 bytes).
PDF statistics:
 239 PDF objects out of 1000 (max. 8388607)
 39 named destinations out of 1000 (max. 500000)
 20633 words of extra memory for PDF output out of 20736 (max. 10000000)

